2016-11-26 22:48:08 [scrapy] INFO: Scrapy 1.2.1 started (bot: FangSpider)
2016-11-26 22:48:08 [scrapy] INFO: Overridden settings: {'NEWSPIDER_MODULE': 'FangSpider.spiders', 'ROBOTSTXT_OBEY': True, 'LOG_LEVEL': 'INFO', 'CONCURRENT_REQUESTS_PER_DOMAIN': 16, 'CONCURRENT_REQUESTS': 32, 'SPIDER_MODULES': ['FangSpider.spiders'], 'BOT_NAME': 'FangSpider', 'USER_AGENT': 'User-Agent: Mozilla/5.0 (Windows NT 6.1; WOW64; rv:48.0) Gecko/20100101 Firefox/48.0', 'LOG_FILE': 'scrapy.log', 'DOWNLOAD_DELAY': 3}
2016-11-26 22:48:08 [scrapy] INFO: Enabled extensions:
['scrapy.extensions.logstats.LogStats',
 'scrapy.extensions.telnet.TelnetConsole',
 'scrapy.extensions.corestats.CoreStats']
2016-11-26 22:48:09 [scrapy] INFO: Enabled downloader middlewares:
['scrapy.downloadermiddlewares.robotstxt.RobotsTxtMiddleware',
 'scrapy.downloadermiddlewares.httpauth.HttpAuthMiddleware',
 'scrapy.downloadermiddlewares.downloadtimeout.DownloadTimeoutMiddleware',
 'scrapy.downloadermiddlewares.defaultheaders.DefaultHeadersMiddleware',
 'scrapy.downloadermiddlewares.useragent.UserAgentMiddleware',
 'scrapy.downloadermiddlewares.retry.RetryMiddleware',
 'scrapy.downloadermiddlewares.redirect.MetaRefreshMiddleware',
 'scrapy.downloadermiddlewares.httpcompression.HttpCompressionMiddleware',
 'scrapy.downloadermiddlewares.redirect.RedirectMiddleware',
 'scrapy.downloadermiddlewares.cookies.CookiesMiddleware',
 'scrapy.downloadermiddlewares.chunked.ChunkedTransferMiddleware',
 'scrapy.downloadermiddlewares.stats.DownloaderStats']
2016-11-26 22:48:09 [scrapy] INFO: Enabled spider middlewares:
['scrapy.spidermiddlewares.httperror.HttpErrorMiddleware',
 'scrapy.spidermiddlewares.offsite.OffsiteMiddleware',
 'scrapy.spidermiddlewares.referer.RefererMiddleware',
 'scrapy.spidermiddlewares.urllength.UrlLengthMiddleware',
 'scrapy.spidermiddlewares.depth.DepthMiddleware']
2016-11-26 22:48:09 [scrapy] INFO: Enabled item pipelines:
['FangSpider.pipelines.FangspiderPipeline']
2016-11-26 22:48:09 [scrapy] INFO: Spider opened
2016-11-26 22:48:09 [scrapy] INFO: Crawled 0 pages (at 0 pages/min), scraped 0 items (at 0 items/min)
2016-11-26 22:49:09 [scrapy] INFO: Crawled 15 pages (at 15 pages/min), scraped 280 items (at 280 items/min)
2016-11-26 22:50:09 [scrapy] INFO: Crawled 31 pages (at 16 pages/min), scraped 600 items (at 320 items/min)
